<?xml version="1.0" encoding="UTF-8"?>
<testng-results skipped="0" failed="0" ignored="0" total="1" passed="1">
  <reporter-output>
  </reporter-output>
  <suite name="Default suite" duration-ms="31" started-at="2017-05-09T03:45:40Z" finished-at="2017-05-09T03:45:40Z">
    <groups>
    </groups>
    <test name="Default test" duration-ms="31" started-at="2017-05-09T03:45:40Z" finished-at="2017-05-09T03:45:40Z">
      <class name="FileDataRead">
        <test-method status="PASS" signature="readDataFromFile()[pri:0, instance:FileDataRead@193948d]" name="readDataFromFile" duration-ms="16" started-at="2017-05-08T23:45:40Z" finished-at="2017-05-08T23:45:40Z">
          <reporter-output>
          </reporter-output>
        </test-method> <!-- readDataFromFile -->
      </class> <!-- FileDataRead -->
    </test> <!-- Default test -->
  </suite> <!-- Default suite -->
</testng-results>
